# JRE version: Java(TM) SE Runtime Environment (13.0.2+8) (build 13.0.2+8)
# Java VM: Java HotSpot(TM) 64-Bit Server VM (13.0.2+8, mixed mode, sharing, tiered, compressed oops, g1 gc, windows-amd64)
Heap:
 garbage-first heap   total 848896K, used 188390K [0x0000000082600000, 0x0000000100000000)
  region size 1024K, 2 young (2048K), 2 survivors (2048K)
 Metaspace       used 1149K, capacity 5005K, committed 5120K, reserved 1056768K
  class space    used 104K, capacity 475K, committed 512K, reserved 1048576K
GC Heap History (20 events):
Event: 3.924 GC heap after
{Heap after GC invocations=5 (full 0):
 garbage-first heap   total 129024K, used 70144K [0x0000000082600000, 0x0000000100000000)
  region size 1024K, 3 young (3072K), 3 survivors (3072K)
 Metaspace       used 1149K, capacity 5005K, committed 5120K, reserved 1056768K
  class space    used 104K, capacity 475K, committed 512K, reserved 1048576K
}
Event: 3.940 GC heap before
{Heap before GC invocations=5 (full 0):
 garbage-first heap   total 129024K, used 84480K [0x0000000082600000, 0x0000000100000000)
  region size 1024K, 17 young (17408K), 3 survivors (3072K)
 Metaspace       used 1149K, capacity 5005K, committed 5120K, reserved 1056768K
  class space    used 104K, capacity 475K, committed 512K, reserved 1048576K
}
Event: 3.954 GC heap after
{Heap after GC invocations=6 (full 0):
 garbage-first heap   total 129024K, used 83968K [0x0000000082600000, 0x0000000100000000)
  region size 1024K, 3 young (3072K), 3 survivors (3072K)
 Metaspace       used 1149K, capacity 5005K, committed 5120K, reserved 1056768K
  class space    used 104K, capacity 475K, committed 512K, reserved 1048576K
}
Event: 3.967 GC heap before
{Heap before GC invocations=6 (full 0):
 garbage-first heap   total 129024K, used 94208K [0x0000000082600000, 0x0000000100000000)
  region size 1024K, 13 young (13312K), 3 survivors (3072K)
 Metaspace       used 1149K, capacity 5005K, committed 5120K, reserved 1056768K
  class space    used 104K, capacity 475K, committed 512K, reserved 1048576K
}
Event: 3.978 GC heap after
{Heap after GC invocations=7 (full 0):
 garbage-first heap   total 155648K, used 94208K [0x0000000082600000, 0x0000000100000000)
  region size 1024K, 2 young (2048K), 2 survivors (2048K)
 Metaspace       used 1149K, capacity 5005K, committed 5120K, reserved 1056768K
  class space    used 104K, capacity 475K, committed 512K, reserved 1048576K
}
Event: 4.008 GC heap before
{Heap before GC invocations=7 (full 0):
 garbage-first heap   total 155648K, used 108544K [0x0000000082600000, 0x0000000100000000)
  region size 1024K, 16 young (16384K), 2 survivors (2048K)
 Metaspace       used 1149K, capacity 5005K, committed 5120K, reserved 1056768K
  class space    used 104K, capacity 475K, committed 512K, reserved 1048576K
}
Event: 4.019 GC heap after
{Heap after GC invocations=8 (full 0):
 garbage-first heap   total 155648K, used 108032K [0x0000000082600000, 0x0000000100000000)
  region size 1024K, 2 young (2048K), 2 survivors (2048K)
 Metaspace       used 1149K, capacity 5005K, committed 5120K, reserved 1056768K
  class space    used 104K, capacity 475K, committed 512K, reserved 1048576K
}
Event: 4.036 GC heap before
{Heap before GC invocations=8 (full 0):
 garbage-first heap   total 183296K, used 117248K [0x0000000082600000, 0x0000000100000000)
  region size 1024K, 11 young (11264K), 2 survivors (2048K)
 Metaspace       used 1149K, capacity 5005K, committed 5120K, reserved 1056768K
  class space    used 104K, capacity 475K, committed 512K, reserved 1048576K
}
Event: 4.042 GC heap after
{Heap after GC invocations=9 (full 0):
 garbage-first heap   total 183296K, used 116736K [0x0000000082600000, 0x0000000100000000)
  region size 1024K, 2 young (2048K), 2 survivors (2048K)
 Metaspace       used 1149K, capacity 5005K, committed 5120K, reserved 1056768K
  class space    used 104K, capacity 475K, committed 512K, reserved 1048576K
}
Event: 4.063 GC heap before
{Heap before GC invocations=10 (full 0):
 garbage-first heap   total 183296K, used 132096K [0x0000000082600000, 0x0000000100000000)
  region size 1024K, 17 young (17408K), 2 survivors (2048K)
 Metaspace       used 1149K, capacity 5005K, committed 5120K, reserved 1056768K
  class space    used 104K, capacity 475K, committed 512K, reserved 1048576K
}
Event: 4.072 GC heap after
{Heap after GC invocations=11 (full 0):
 garbage-first heap   total 183296K, used 131997K [0x0000000082600000, 0x0000000100000000)
  region size 1024K, 3 young (3072K), 3 survivors (3072K)
 Metaspace       used 1149K, capacity 5005K, committed 5120K, reserved 1056768K
  class space    used 104K, capacity 475K, committed 512K, reserved 1048576K
}
Event: 4.082 GC heap before
{Heap before GC invocations=11 (full 0):
 garbage-first heap   total 183296K, used 142237K [0x0000000082600000, 0x0000000100000000)
  region size 1024K, 13 young (13312K), 3 survivors (3072K)
 Metaspace       used 1149K, capacity 5005K, committed 5120K, reserved 1056768K
  class space    used 104K, capacity 475K, committed 512K, reserved 1048576K
}
Event: 4.090 GC heap after
{Heap after GC invocations=12 (full 0):
 garbage-first heap   total 220160K, used 141824K [0x0000000082600000, 0x0000000100000000)
  region size 1024K, 2 young (2048K), 2 survivors (2048K)
 Metaspace       used 1149K, capacity 5005K, committed 5120K, reserved 1056768K
  class space    used 104K, capacity 475K, committed 512K, reserved 1048576K
}
Event: 4.123 GC heap before
{Heap before GC invocations=12 (full 0):
 garbage-first heap   total 220160K, used 159232K [0x0000000082600000, 0x0000000100000000)
  region size 1024K, 19 young (19456K), 2 survivors (2048K)
 Metaspace       used 1149K, capacity 5005K, committed 5120K, reserved 1056768K
  class space    used 104K, capacity 475K, committed 512K, reserved 1048576K
}
Event: 4.132 GC heap after
{Heap after GC invocations=13 (full 0):
 garbage-first heap   total 220160K, used 158720K [0x0000000082600000, 0x0000000100000000)
  region size 1024K, 3 young (3072K), 3 survivors (3072K)
 Metaspace       used 1149K, capacity 5005K, committed 5120K, reserved 1056768K
  class space    used 104K, capacity 475K, committed 512K, reserved 1048576K
}
Event: 4.145 GC heap before
{Heap before GC invocations=13 (full 0):
 garbage-first heap   total 220160K, used 171008K [0x0000000082600000, 0x0000000100000000)
  region size 1024K, 15 young (15360K), 3 survivors (3072K)
 Metaspace       used 1149K, capacity 5005K, committed 5120K, reserved 1056768K
  class space    used 104K, capacity 475K, committed 512K, reserved 1048576K
}
Event: 4.152 GC heap after
{Heap after GC invocations=14 (full 0):
 garbage-first heap   total 220160K, used 171520K [0x0000000082600000, 0x0000000100000000)
  region size 1024K, 2 young (2048K), 2 survivors (2048K)
 Metaspace       used 1149K, capacity 5005K, committed 5120K, reserved 1056768K
  class space    used 104K, capacity 475K, committed 512K, reserved 1048576K
}
Event: 4.161 GC heap before
{Heap before GC invocations=14 (full 0):
 garbage-first heap   total 220160K, used 179712K [0x0000000082600000, 0x0000000100000000)
  region size 1024K, 10 young (10240K), 2 survivors (2048K)
 Metaspace       used 1149K, capacity 5005K, committed 5120K, reserved 1056768K
  class space    used 104K, capacity 475K, committed 512K, reserved 1048576K
}
Event: 4.165 GC heap after
{Heap after GC invocations=15 (full 0):
 garbage-first heap   total 220160K, used 180210K [0x0000000082600000, 0x0000000100000000)
  region size 1024K, 2 young (2048K), 2 survivors (2048K)
 Metaspace       used 1149K, capacity 5005K, committed 5120K, reserved 1056768K
  class space    used 104K, capacity 475K, committed 512K, reserved 1048576K
}
Event: 4.177 GC heap before
{Heap before GC invocations=15 (full 0):
 garbage-first heap   total 312320K, used 188402K [0x0000000082600000, 0x0000000100000000)
  region size 1024K, 10 young (10240K), 2 survivors (2048K)
 Metaspace       used 1149K, capacity 5005K, committed 5120K, reserved 1056768K
  class space    used 104K, capacity 475K, committed 512K, reserved 1048576K
}

